<?xml version="1.0" encoding="UTF-8"?>
<testsuite xmlns:xsi="http://www.w3.org/2001/XMLSchema-instance" xsi:noNamespaceSchemaLocation="https://maven.apache.org/surefire/maven-surefire-plugin/xsd/surefire-test-report-3.0.xsd" version="3.0" name="edu.uw.advjava.wilsonma.BrokerFactoryImplTests" time="0.134" tests="10" errors="0" skipped="0" failures="0">
  <properties>
[...]
</properties>
  <testcase name="testCloseNullAccount" classname="edu.uw.advjava.wilsonma.BrokerFactoryImplTests" time="0.01">
    <system-err><![CDATA[Feb 13, 2025 3:07:47 PM edu.uw.pce.advjava.support.account.MapAccountDao <init>
INFO: No existing account data.
]]></system-err>
  </testcase>
  <testcase name="testCreateAccountDuplicate" classname="edu.uw.advjava.wilsonma.BrokerFactoryImplTests" time="0.004">
    <system-err><![CDATA[Feb 13, 2025 3:07:48 PM edu.uw.pce.advjava.support.account.MapAccountDao <init>
INFO: Have existing account data.
Feb 13, 2025 3:07:48 PM edu.uw.pce.advjava.support.account.Account lambda$registerAccountManager$0
INFO: Attempting to set the account manager, after it has been initialized.
]]></system-err>
  </testcase>
  <testcase name="requestQuoteEmpty" classname="edu.uw.advjava.wilsonma.BrokerFactoryImplTests" time="0.005">
    <system-err><![CDATA[Feb 13, 2025 3:07:48 PM edu.uw.pce.advjava.support.account.MapAccountDao <init>
INFO: Have existing account data.
Feb 13, 2025 3:07:48 PM edu.uw.pce.advjava.support.account.Account lambda$registerAccountManager$0
INFO: Attempting to set the account manager, after it has been initialized.
Feb 13, 2025 3:07:48 PM edu.uw.pce.advjava.support.exchange.AbstractExchange getQuote
WARNING: Quote not available for stock: BIONICLES_INC
edu.uw.pce.advjava.support.exchange.MarketException: Invalid stock symbol specified: BIONICLES_INC
	at edu.uw.pce.advjava.support.exchange.FauxMarket.getQuote(FauxMarket.java:115)
	at edu.uw.pce.advjava.support.exchange.AbstractExchange.getQuote(AbstractExchange.java:62)
	at edu.uw.advjava.wilsonma.BrokerImpl.requestQuote(BrokerImpl.java:192)
	at edu.uw.advjava.wilsonma.BrokerFactoryImplTests.requestQuoteEmpty(BrokerFactoryImplTests.java:130)
	at java.base/jdk.internal.reflect.DirectMethodHandleAccessor.invoke(DirectMethodHandleAccessor.java:103)
	at java.base/java.lang.reflect.Method.invoke(Method.java:580)
	at org.junit.platform.commons.util.ReflectionUtils.invokeMethod(ReflectionUtils.java:728)
	at org.junit.jupiter.engine.execution.MethodInvocation.proceed(MethodInvocation.java:60)
	at org.junit.jupiter.engine.execution.InvocationInterceptorChain$ValidatingInvocation.proceed(InvocationInterceptorChain.java:131)
	at org.junit.jupiter.engine.extension.TimeoutExtension.intercept(TimeoutExtension.java:156)
	at org.junit.jupiter.engine.extension.TimeoutExtension.interceptTestableMethod(TimeoutExtension.java:147)
	at org.junit.jupiter.engine.extension.TimeoutExtension.interceptTestMethod(TimeoutExtension.java:86)
	at org.junit.jupiter.engine.execution.InterceptingExecutableInvoker$ReflectiveInterceptorCall.lambda$ofVoidMethod$0(InterceptingExecutableInvoker.java:103)
	at org.junit.jupiter.engine.execution.InterceptingExecutableInvoker.lambda$invoke$0(InterceptingExecutableInvoker.java:93)
	at org.junit.jupiter.engine.execution.InvocationInterceptorChain$InterceptedInvocation.proceed(InvocationInterceptorChain.java:106)
	at org.junit.jupiter.engine.execution.InvocationInterceptorChain.proceed(InvocationInterceptorChain.java:64)
	at org.junit.jupiter.engine.execution.InvocationInterceptorChain.chainAndInvoke(InvocationInterceptorChain.java:45)
	at org.junit.jupiter.engine.execution.InvocationInterceptorChain.invoke(InvocationInterceptorChain.java:37)
	at org.junit.jupiter.engine.execution.InterceptingExecutableInvoker.invoke(InterceptingExecutableInvoker.java:92)
	at org.junit.jupiter.engine.execution.InterceptingExecutableInvoker.invoke(InterceptingExecutableInvoker.java:86)
	at org.junit.jupiter.engine.descriptor.TestMethodTestDescriptor.lambda$invokeTestMethod$7(TestMethodTestDescriptor.java:218)
	at org.junit.platform.engine.support.hierarchical.ThrowableCollector.execute(ThrowableCollector.java:73)
	at org.junit.jupiter.engine.descriptor.TestMethodTestDescriptor.invokeTestMethod(TestMethodTestDescriptor.java:214)
	at org.junit.jupiter.engine.descriptor.TestMethodTestDescriptor.execute(TestMethodTestDescriptor.java:139)
	at org.junit.jupiter.engine.descriptor.TestMethodTestDescriptor.execute(TestMethodTestDescriptor.java:69)
	at org.junit.platform.engine.support.hierarchical.NodeTestTask.lambda$executeRecursively$6(NodeTestTask.java:151)
	at org.junit.platform.engine.support.hierarchical.ThrowableCollector.execute(ThrowableCollector.java:73)
	at org.junit.platform.engine.support.hierarchical.NodeTestTask.lambda$executeRecursively$8(NodeTestTask.java:141)
	at org.junit.platform.engine.support.hierarchical.Node.around(Node.java:137)
	at org.junit.platform.engine.support.hierarchical.NodeTestTask.lambda$executeRecursively$9(NodeTestTask.java:139)
	at org.junit.platform.engine.support.hierarchical.ThrowableCollector.execute(ThrowableCollector.java:73)
	at org.junit.platform.engine.support.hierarchical.NodeTestTask.executeRecursively(NodeTestTask.java:138)
	at org.junit.platform.engine.support.hierarchical.NodeTestTask.execute(NodeTestTask.java:95)
	at java.base/java.util.ArrayList.forEach(ArrayList.java:1597)
	at org.junit.platform.engine.support.hierarchical.SameThreadHierarchicalTestExecutorService.invokeAll(SameThreadHierarchicalTestExecutorService.java:41)
	at org.junit.platform.engine.support.hierarchical.NodeTestTask.lambda$executeRecursively$6(NodeTestTask.java:155)
	at org.junit.platform.engine.support.hierarchical.ThrowableCollector.execute(ThrowableCollector.java:73)
	at org.junit.platform.engine.support.hierarchical.NodeTestTask.lambda$executeRecursively$8(NodeTestTask.java:141)
	at org.junit.platform.engine.support.hierarchical.Node.around(Node.java:137)
	at org.junit.platform.engine.support.hierarchical.NodeTestTask.lambda$executeRecursively$9(NodeTestTask.java:139)
	at org.junit.platform.engine.support.hierarchical.ThrowableCollector.execute(ThrowableCollector.java:73)
	at org.junit.platform.engine.support.hierarchical.NodeTestTask.executeRecursively(NodeTestTask.java:138)
	at org.junit.platform.engine.support.hierarchical.NodeTestTask.execute(NodeTestTask.java:95)
	at java.base/java.util.ArrayList.forEach(ArrayList.java:1597)
	at org.junit.platform.engine.support.hierarchical.SameThreadHierarchicalTestExecutorService.invokeAll(SameThreadHierarchicalTestExecutorService.java:41)
	at org.junit.platform.engine.support.hierarchical.NodeTestTask.lambda$executeRecursively$6(NodeTestTask.java:155)
	at org.junit.platform.engine.support.hierarchical.ThrowableCollector.execute(ThrowableCollector.java:73)
	at org.junit.platform.engine.support.hierarchical.NodeTestTask.lambda$executeRecursively$8(NodeTestTask.java:141)
	at org.junit.platform.engine.support.hierarchical.Node.around(Node.java:137)
	at org.junit.platform.engine.support.hierarchical.NodeTestTask.lambda$executeRecursively$9(NodeTestTask.java:139)
	at org.junit.platform.engine.support.hierarchical.ThrowableCollector.execute(ThrowableCollector.java:73)
	at org.junit.platform.engine.support.hierarchical.NodeTestTask.executeRecursively(NodeTestTask.java:138)
	at org.junit.platform.engine.support.hierarchical.NodeTestTask.execute(NodeTestTask.java:95)
	at org.junit.platform.engine.support.hierarchical.SameThreadHierarchicalTestExecutorService.submit(SameThreadHierarchicalTestExecutorService.java:35)
	at org.junit.platform.engine.support.hierarchical.HierarchicalTestExecutor.execute(HierarchicalTestExecutor.java:57)
	at org.junit.platform.engine.support.hierarchical.HierarchicalTestEngine.execute(HierarchicalTestEngine.java:54)
	at org.junit.platform.launcher.core.EngineExecutionOrchestrator.execute(EngineExecutionOrchestrator.java:198)
	at org.junit.platform.launcher.core.EngineExecutionOrchestrator.execute(EngineExecutionOrchestrator.java:169)
	at org.junit.platform.launcher.core.EngineExecutionOrchestrator.execute(EngineExecutionOrchestrator.java:93)
	at org.junit.platform.launcher.core.EngineExecutionOrchestrator.lambda$execute$0(EngineExecutionOrchestrator.java:58)
	at org.junit.platform.launcher.core.EngineExecutionOrchestrator.withInterceptedStreams(EngineExecutionOrchestrator.java:141)
	at org.junit.platform.launcher.core.EngineExecutionOrchestrator.execute(EngineExecutionOrchestrator.java:57)
	at org.junit.platform.launcher.core.DefaultLauncher.execute(DefaultLauncher.java:103)
	at org.junit.platform.launcher.core.DefaultLauncher.execute(DefaultLauncher.java:85)
	at org.junit.platform.launcher.core.DelegatingLauncher.execute(DelegatingLauncher.java:47)
	at org.apache.maven.surefire.junitplatform.LazyLauncher.execute(LazyLauncher.java:55)
	at org.apache.maven.surefire.junitplatform.JUnitPlatformProvider.execute(JUnitPlatformProvider.java:223)
	at org.apache.maven.surefire.junitplatform.JUnitPlatformProvider.invokeAllTests(JUnitPlatformProvider.java:175)
	at org.apache.maven.surefire.junitplatform.JUnitPlatformProvider.invoke(JUnitPlatformProvider.java:139)
	at org.apache.maven.surefire.booter.ForkedBooter.runSuitesInProcess(ForkedBooter.java:456)
	at org.apache.maven.surefire.booter.ForkedBooter.execute(ForkedBooter.java:169)
	at org.apache.maven.surefire.booter.ForkedBooter.run(ForkedBooter.java:595)
	at org.apache.maven.surefire.booter.ForkedBooter.main(ForkedBooter.java:581)

]]></system-err>
  </testcase>
  <testcase name="testClose" classname="edu.uw.advjava.wilsonma.BrokerFactoryImplTests" time="0.003">
    <system-err><![CDATA[Feb 13, 2025 3:07:48 PM edu.uw.pce.advjava.support.account.MapAccountDao <init>
INFO: Have existing account data.
Feb 13, 2025 3:07:48 PM edu.uw.pce.advjava.support.account.Account lambda$registerAccountManager$0
INFO: Attempting to set the account manager, after it has been initialized.
]]></system-err>
  </testcase>
  <testcase name="testGetAccount" classname="edu.uw.advjava.wilsonma.BrokerFactoryImplTests" time="0.003">
    <system-err><![CDATA[Feb 13, 2025 3:07:48 PM edu.uw.pce.advjava.support.account.MapAccountDao <init>
INFO: Have existing account data.
Feb 13, 2025 3:07:48 PM edu.uw.pce.advjava.support.account.Account lambda$registerAccountManager$0
INFO: Attempting to set the account manager, after it has been initialized.
Feb 13, 2025 3:07:48 PM edu.uw.pce.advjava.support.account.Account lambda$registerAccountManager$0
INFO: Attempting to set the account manager, after it has been initialized.
Feb 13, 2025 3:07:48 PM edu.uw.pce.advjava.support.account.Account lambda$registerAccountManager$0
INFO: Attempting to set the account manager, after it has been initialized.
]]></system-err>
  </testcase>
  <testcase name="testGetName" classname="edu.uw.advjava.wilsonma.BrokerFactoryImplTests" time="0.003">
    <system-err><![CDATA[Feb 13, 2025 3:07:48 PM edu.uw.pce.advjava.support.account.MapAccountDao <init>
INFO: Have existing account data.
Feb 13, 2025 3:07:48 PM edu.uw.pce.advjava.support.account.Account lambda$registerAccountManager$0
INFO: Attempting to set the account manager, after it has been initialized.
]]></system-err>
  </testcase>
  <testcase name="placeOrder" classname="edu.uw.advjava.wilsonma.BrokerFactoryImplTests" time="0.006">
    <system-err><![CDATA[Feb 13, 2025 3:07:48 PM edu.uw.pce.advjava.support.account.MapAccountDao <init>
INFO: Have existing account data.
Feb 13, 2025 3:07:48 PM edu.uw.pce.advjava.support.account.Account lambda$registerAccountManager$0
INFO: Attempting to set the account manager, after it has been initialized.
Feb 13, 2025 3:07:48 PM edu.uw.pce.advjava.support.account.Account lambda$registerAccountManager$0
INFO: Attempting to set the account manager, after it has been initialized.
Feb 13, 2025 3:07:48 PM edu.uw.pce.advjava.support.account.Account lambda$registerAccountManager$0
INFO: Attempting to set the account manager, after it has been initialized.
Feb 13, 2025 3:07:48 PM edu.uw.pce.advjava.support.account.Account lambda$registerAccountManager$0
INFO: Attempting to set the account manager, after it has been initialized.
]]></system-err>
  </testcase>
  <testcase name="testDeleteAccount" classname="edu.uw.advjava.wilsonma.BrokerFactoryImplTests" time="0.003">
    <system-err><![CDATA[Feb 13, 2025 3:07:48 PM edu.uw.pce.advjava.support.account.MapAccountDao <init>
INFO: Have existing account data.
Feb 13, 2025 3:07:48 PM edu.uw.pce.advjava.support.account.Account lambda$registerAccountManager$0
INFO: Attempting to set the account manager, after it has been initialized.
]]></system-err>
  </testcase>
  <testcase name="requestQuote" classname="edu.uw.advjava.wilsonma.BrokerFactoryImplTests" time="0.002">
    <system-err><![CDATA[Feb 13, 2025 3:07:48 PM edu.uw.pce.advjava.support.account.MapAccountDao <init>
INFO: Have existing account data.
]]></system-err>
  </testcase>
  <testcase name="testConstructor" classname="edu.uw.advjava.wilsonma.BrokerFactoryImplTests" time="0.003">
    <system-err><![CDATA[Feb 13, 2025 3:07:48 PM edu.uw.pce.advjava.support.account.MapAccountDao <init>
INFO: Have existing account data.
Feb 13, 2025 3:07:48 PM edu.uw.pce.advjava.support.account.Account lambda$registerAccountManager$0
INFO: Attempting to set the account manager, after it has been initialized.
]]></system-err>
  </testcase>
</testsuite>