<?xml version="1.0" encoding="UTF-8"?>
<testsuite xmlns:xsi="http://www.w3.org/2001/XMLSchema-instance" xsi:noNamespaceSchemaLocation="https://maven.apache.org/surefire/maven-surefire-plugin/xsd/surefire-test-report-3.0.xsd" version="3.0" name="edu.uw.advjava.template.RomanNumeralTest" time="0.02" tests="7" errors="0" skipped="0" failures="0">
  <properties>
[...]
</properties>
  <testcase name="verifyConstructor" classname="edu.uw.advjava.template.RomanNumeralTest" time="0.009"/>
  <testcase name="equals" classname="edu.uw.advjava.template.RomanNumeralTest" time="0.001"/>
  <testcase name="verifyToString" classname="edu.uw.advjava.template.RomanNumeralTest" time="0.001"/>
  <testcase name="toRoman" classname="edu.uw.advjava.template.RomanNumeralTest" time="0.001"/>
  <testcase name="verifyHashCode" classname="edu.uw.advjava.template.RomanNumeralTest" time="0.001"/>
  <testcase name="parseInt" classname="edu.uw.advjava.template.RomanNumeralTest" time="0"/>
  <testcase name="getValue" classname="edu.uw.advjava.template.RomanNumeralTest" time="0"/>
</testsuite>