<?xml version="1.0" encoding="UTF-8"?>
<testsuite xmlns:xsi="http://www.w3.org/2001/XMLSchema-instance" xsi:noNamespaceSchemaLocation="https://maven.apache.org/surefire/maven-surefire-plugin/xsd/surefire-test-report-3.0.xsd" version="3.0" name="edu.uw.pce.advjava.support.account.AccountDaoTest" time="0.848" tests="4" errors="0" skipped="0" failures="1">
  <properties>
[...]
</properties>
  <testcase name="testClose" classname="edu.uw.pce.advjava.support.account.AccountDaoTest" time="0.421">
    <system-err><![CDATA[Feb 20, 2025 2:50:49 PM edu.uw.advjava.wilsonma.AccountDaoDB accounts
INFO: Getting all account names.
Feb 20, 2025 2:50:49 PM edu.uw.advjava.wilsonma.AccountDaoDB accounts
INFO: Returning accounts:[neotheone, pepper_potts, rachaelnex, aabernathy]
Feb 20, 2025 2:50:49 PM edu.uw.advjava.wilsonma.AccountDaoDB deleteAccount
INFO: Deleting account neotheone
Feb 20, 2025 2:50:49 PM edu.uw.advjava.wilsonma.AccountDaoDB retrieveAccount
INFO: Getting account with the name neotheone
Feb 20, 2025 2:50:49 PM edu.uw.advjava.wilsonma.AccountDaoDB retrieveAccount
INFO: FOUND A VALID POSTAL ADDRESS, GETTING ADDRESS DETAILS
Feb 20, 2025 2:50:49 PM edu.uw.advjava.wilsonma.AccountDaoDB getUSAddressById
INFO: FOUND US ADDRESS, POPULATING DETAILS
Feb 20, 2025 2:50:49 PM edu.uw.advjava.wilsonma.AccountDaoDB retrieveAccount
INFO: FOUND A VALID BANK, GETTING BANK DETAILS
Feb 20, 2025 2:50:49 PM edu.uw.advjava.wilsonma.AccountDaoDB getBankAccountId
INFO: Getting the bank id
Feb 20, 2025 2:50:49 PM edu.uw.advjava.wilsonma.AccountDaoDB getBankAccountId
INFO: SEARCHING DB FOR BANK INFORMATION
Feb 20, 2025 2:50:49 PM edu.uw.advjava.wilsonma.AccountDaoDB getBankAccountId
INFO: FOUND BANK INFORMATION
Feb 20, 2025 2:50:49 PM edu.uw.advjava.wilsonma.AccountDaoDB getPostalAddressId
INFO: Getting the postal address id
Feb 20, 2025 2:50:49 PM edu.uw.advjava.wilsonma.AccountDaoDB getPostalAddressId
INFO: SEARCHING DB FOR ADDRESS INFORMATION
Feb 20, 2025 2:50:49 PM edu.uw.advjava.wilsonma.AccountDaoDB deleteAccount
INFO: Deleting account pepper_potts
Feb 20, 2025 2:50:49 PM edu.uw.advjava.wilsonma.AccountDaoDB retrieveAccount
INFO: Getting account with the name pepper_potts
Feb 20, 2025 2:50:49 PM edu.uw.advjava.wilsonma.AccountDaoDB retrieveAccount
INFO: FOUND A VALID POSTAL ADDRESS, GETTING ADDRESS DETAILS
Feb 20, 2025 2:50:49 PM edu.uw.advjava.wilsonma.AccountDaoDB getUSAddressById
INFO: FOUND US ADDRESS, POPULATING DETAILS
Feb 20, 2025 2:50:49 PM edu.uw.advjava.wilsonma.AccountDaoDB retrieveAccount
INFO: FOUND A VALID BANK, GETTING BANK DETAILS
Feb 20, 2025 2:50:49 PM edu.uw.advjava.wilsonma.AccountDaoDB getBankAccountId
INFO: Getting the bank id
Feb 20, 2025 2:50:49 PM edu.uw.advjava.wilsonma.AccountDaoDB getBankAccountId
INFO: SEARCHING DB FOR BANK INFORMATION
Feb 20, 2025 2:50:49 PM edu.uw.advjava.wilsonma.AccountDaoDB getBankAccountId
INFO: FOUND BANK INFORMATION
Feb 20, 2025 2:50:49 PM edu.uw.advjava.wilsonma.AccountDaoDB getPostalAddressId
INFO: Getting the postal address id
Feb 20, 2025 2:50:49 PM edu.uw.advjava.wilsonma.AccountDaoDB getPostalAddressId
INFO: SEARCHING DB FOR ADDRESS INFORMATION
Feb 20, 2025 2:50:49 PM edu.uw.advjava.wilsonma.AccountDaoDB deleteAccount
INFO: Deleting account rachaelnex
Feb 20, 2025 2:50:49 PM edu.uw.advjava.wilsonma.AccountDaoDB retrieveAccount
INFO: Getting account with the name rachaelnex
Feb 20, 2025 2:50:49 PM edu.uw.advjava.wilsonma.AccountDaoDB retrieveAccount
INFO: FOUND A VALID POSTAL ADDRESS, GETTING ADDRESS DETAILS
Feb 20, 2025 2:50:49 PM edu.uw.advjava.wilsonma.AccountDaoDB retrieveAccount
INFO: FOUND A VALID BANK, GETTING BANK DETAILS
Feb 20, 2025 2:50:49 PM edu.uw.advjava.wilsonma.AccountDaoDB getBankAccountId
INFO: Getting the bank id
Feb 20, 2025 2:50:49 PM edu.uw.advjava.wilsonma.AccountDaoDB getBankAccountId
INFO: BANK IS NULL, RETURNING: -1
Feb 20, 2025 2:50:49 PM edu.uw.advjava.wilsonma.AccountDaoDB getPostalAddressId
INFO: Getting the postal address id
Feb 20, 2025 2:50:49 PM edu.uw.advjava.wilsonma.AccountDaoDB getPostalAddressId
INFO: ADDRESS IS NULL, RETURNING: -1
Feb 20, 2025 2:50:49 PM edu.uw.advjava.wilsonma.AccountDaoDB deleteAccount
INFO: Deleting account aabernathy
Feb 20, 2025 2:50:49 PM edu.uw.advjava.wilsonma.AccountDaoDB retrieveAccount
INFO: Getting account with the name aabernathy
Feb 20, 2025 2:50:49 PM edu.uw.advjava.wilsonma.AccountDaoDB retrieveAccount
INFO: FOUND A VALID POSTAL ADDRESS, GETTING ADDRESS DETAILS
Feb 20, 2025 2:50:49 PM edu.uw.advjava.wilsonma.AccountDaoDB getUSAddressById
INFO: FOUND US ADDRESS, POPULATING DETAILS
Feb 20, 2025 2:50:49 PM edu.uw.advjava.wilsonma.AccountDaoDB retrieveAccount
INFO: FOUND A VALID BANK, GETTING BANK DETAILS
Feb 20, 2025 2:50:49 PM edu.uw.advjava.wilsonma.AccountDaoDB getBankAccountId
INFO: Getting the bank id
Feb 20, 2025 2:50:49 PM edu.uw.advjava.wilsonma.AccountDaoDB getBankAccountId
INFO: SEARCHING DB FOR BANK INFORMATION
Feb 20, 2025 2:50:49 PM edu.uw.advjava.wilsonma.AccountDaoDB getBankAccountId
INFO: FOUND BANK INFORMATION
Feb 20, 2025 2:50:49 PM edu.uw.advjava.wilsonma.AccountDaoDB getPostalAddressId
INFO: Getting the postal address id
Feb 20, 2025 2:50:49 PM edu.uw.advjava.wilsonma.AccountDaoDB getPostalAddressId
INFO: SEARCHING DB FOR ADDRESS INFORMATION
Feb 20, 2025 2:50:49 PM edu.uw.advjava.wilsonma.AccountDaoDB createAccount
INFO: Creating an account for Thomas Anderson
Feb 20, 2025 2:50:49 PM edu.uw.advjava.wilsonma.AccountDaoDB getPostalAddressId
INFO: Getting the postal address id
Feb 20, 2025 2:50:49 PM edu.uw.advjava.wilsonma.AccountDaoDB getPostalAddressId
INFO: SEARCHING DB FOR ADDRESS INFORMATION
Feb 20, 2025 2:50:49 PM edu.uw.advjava.wilsonma.AccountDaoDB getPostalAddressId
INFO: COULD NOT FIND ADDRESS IN DB
Feb 20, 2025 2:50:49 PM edu.uw.advjava.wilsonma.AccountDaoDB addAddress
INFO: ADDING NEW ADDRESS TO DB
Feb 20, 2025 2:50:49 PM edu.uw.advjava.wilsonma.AccountDaoDB getBankAccountId
INFO: Getting the bank id
Feb 20, 2025 2:50:49 PM edu.uw.advjava.wilsonma.AccountDaoDB getBankAccountId
INFO: SEARCHING DB FOR BANK INFORMATION
Feb 20, 2025 2:50:49 PM edu.uw.advjava.wilsonma.AccountDaoDB getBankAccountId
INFO: COULD NOT FIND BANK IN DB
Feb 20, 2025 2:50:49 PM edu.uw.advjava.wilsonma.AccountDaoDB addBankAccount
INFO: ADDING NEW BANK TO DB
Feb 20, 2025 2:50:49 PM edu.uw.advjava.wilsonma.AccountDaoDB bankInstitutionExists
INFO: Checking to see if the bank institution exists
Feb 20, 2025 2:50:49 PM edu.uw.advjava.wilsonma.AccountDaoDB addBankAccount
INFO: ADDED THE BANK
Feb 20, 2025 2:50:49 PM edu.uw.advjava.wilsonma.AccountDaoDB createAccount
INFO: Created the account.
Feb 20, 2025 2:50:49 PM edu.uw.advjava.wilsonma.AccountDaoDB createAccount
INFO: Creating an account for Alice Abernathy
Feb 20, 2025 2:50:49 PM edu.uw.advjava.wilsonma.AccountDaoDB getPostalAddressId
INFO: Getting the postal address id
Feb 20, 2025 2:50:49 PM edu.uw.advjava.wilsonma.AccountDaoDB getPostalAddressId
INFO: SEARCHING DB FOR ADDRESS INFORMATION
Feb 20, 2025 2:50:49 PM edu.uw.advjava.wilsonma.AccountDaoDB getPostalAddressId
INFO: COULD NOT FIND ADDRESS IN DB
Feb 20, 2025 2:50:49 PM edu.uw.advjava.wilsonma.AccountDaoDB addAddress
INFO: ADDING NEW ADDRESS TO DB
Feb 20, 2025 2:50:49 PM edu.uw.advjava.wilsonma.AccountDaoDB getBankAccountId
INFO: Getting the bank id
Feb 20, 2025 2:50:49 PM edu.uw.advjava.wilsonma.AccountDaoDB getBankAccountId
INFO: SEARCHING DB FOR BANK INFORMATION
Feb 20, 2025 2:50:49 PM edu.uw.advjava.wilsonma.AccountDaoDB getBankAccountId
INFO: COULD NOT FIND BANK IN DB
Feb 20, 2025 2:50:49 PM edu.uw.advjava.wilsonma.AccountDaoDB addBankAccount
INFO: ADDING NEW BANK TO DB
Feb 20, 2025 2:50:49 PM edu.uw.advjava.wilsonma.AccountDaoDB bankInstitutionExists
INFO: Checking to see if the bank institution exists
Feb 20, 2025 2:50:49 PM edu.uw.advjava.wilsonma.AccountDaoDB addBankAccount
INFO: ADDED THE BANK
Feb 20, 2025 2:50:49 PM edu.uw.advjava.wilsonma.AccountDaoDB createAccount
INFO: Created the account.
Feb 20, 2025 2:50:49 PM edu.uw.advjava.wilsonma.AccountDaoDB createAccount
INFO: Creating an account for Pepper Potts
Feb 20, 2025 2:50:49 PM edu.uw.advjava.wilsonma.AccountDaoDB getPostalAddressId
INFO: Getting the postal address id
Feb 20, 2025 2:50:49 PM edu.uw.advjava.wilsonma.AccountDaoDB getPostalAddressId
INFO: SEARCHING DB FOR ADDRESS INFORMATION
Feb 20, 2025 2:50:49 PM edu.uw.advjava.wilsonma.AccountDaoDB getPostalAddressId
INFO: COULD NOT FIND ADDRESS IN DB
Feb 20, 2025 2:50:49 PM edu.uw.advjava.wilsonma.AccountDaoDB addAddress
INFO: ADDING NEW ADDRESS TO DB
Feb 20, 2025 2:50:49 PM edu.uw.advjava.wilsonma.AccountDaoDB getBankAccountId
INFO: Getting the bank id
Feb 20, 2025 2:50:49 PM edu.uw.advjava.wilsonma.AccountDaoDB getBankAccountId
INFO: SEARCHING DB FOR BANK INFORMATION
Feb 20, 2025 2:50:49 PM edu.uw.advjava.wilsonma.AccountDaoDB getBankAccountId
INFO: COULD NOT FIND BANK IN DB
Feb 20, 2025 2:50:49 PM edu.uw.advjava.wilsonma.AccountDaoDB addBankAccount
INFO: ADDING NEW BANK TO DB
Feb 20, 2025 2:50:49 PM edu.uw.advjava.wilsonma.AccountDaoDB bankInstitutionExists
INFO: Checking to see if the bank institution exists
Feb 20, 2025 2:50:49 PM edu.uw.advjava.wilsonma.AccountDaoDB addBankAccount
INFO: ADDED THE BANK
Feb 20, 2025 2:50:49 PM edu.uw.advjava.wilsonma.AccountDaoDB createAccount
INFO: Created the account.
Feb 20, 2025 2:50:49 PM edu.uw.advjava.wilsonma.AccountDaoDB createAccount
INFO: Creating an account for Rachael
Feb 20, 2025 2:50:49 PM edu.uw.advjava.wilsonma.AccountDaoDB getPostalAddressId
INFO: Getting the postal address id
Feb 20, 2025 2:50:49 PM edu.uw.advjava.wilsonma.AccountDaoDB getPostalAddressId
INFO: ADDRESS IS NULL, RETURNING: -1
Feb 20, 2025 2:50:49 PM edu.uw.advjava.wilsonma.AccountDaoDB getBankAccountId
INFO: Getting the bank id
Feb 20, 2025 2:50:49 PM edu.uw.advjava.wilsonma.AccountDaoDB getBankAccountId
INFO: BANK IS NULL, RETURNING: -1
Feb 20, 2025 2:50:49 PM edu.uw.advjava.wilsonma.AccountDaoDB createAccount
INFO: Created the account.
Feb 20, 2025 2:50:49 PM edu.uw.advjava.wilsonma.AccountDaoDB close
INFO: Closing the account dao.
Feb 20, 2025 2:50:49 PM edu.uw.advjava.wilsonma.AccountDaoDB retrieveAccount
INFO: Getting account with the name aabernathy
Feb 20, 2025 2:50:49 PM edu.uw.advjava.wilsonma.AccountDaoDB close
INFO: Closing the account dao.
Feb 20, 2025 2:50:49 PM edu.uw.advjava.wilsonma.AccountDaoDB close
INFO: Closing the account dao.
]]></system-err>
  </testcase>
  <testcase name="testCrud" classname="edu.uw.pce.advjava.support.account.AccountDaoTest" time="0.189">
    <failure message="Expected edu.uw.pce.advjava.support.account.AccountException to be thrown, but nothing was thrown." type="org.opentest4j.AssertionFailedError"><![CDATA[org.opentest4j.AssertionFailedError: Expected edu.uw.pce.advjava.support.account.AccountException to be thrown, but nothing was thrown.
	at org.junit.jupiter.api.AssertionFailureBuilder.build(AssertionFailureBuilder.java:152)
	at org.junit.jupiter.api.AssertThrows.assertThrows(AssertThrows.java:73)
	at org.junit.jupiter.api.AssertThrows.assertThrows(AssertThrows.java:35)
	at org.junit.jupiter.api.Assertions.assertThrows(Assertions.java:3115)
	at edu.uw.pce.advjava.support.account.AccountDaoTest.testCrud(AccountDaoTest.java:157)
	at java.base/java.lang.reflect.Method.invoke(Method.java:580)
	at java.base/java.util.ArrayList.forEach(ArrayList.java:1597)
	at java.base/java.util.ArrayList.forEach(ArrayList.java:1597)
]]></failure>
    <system-err><![CDATA[Feb 20, 2025 2:50:49 PM edu.uw.advjava.wilsonma.AccountDaoDB accounts
INFO: Getting all account names.
Feb 20, 2025 2:50:49 PM edu.uw.advjava.wilsonma.AccountDaoDB accounts
INFO: Returning accounts:[neotheone, pepper_potts, rachaelnex, aabernathy]
Feb 20, 2025 2:50:49 PM edu.uw.advjava.wilsonma.AccountDaoDB deleteAccount
INFO: Deleting account neotheone
Feb 20, 2025 2:50:49 PM edu.uw.advjava.wilsonma.AccountDaoDB retrieveAccount
INFO: Getting account with the name neotheone
Feb 20, 2025 2:50:49 PM edu.uw.advjava.wilsonma.AccountDaoDB retrieveAccount
INFO: FOUND A VALID POSTAL ADDRESS, GETTING ADDRESS DETAILS
Feb 20, 2025 2:50:49 PM edu.uw.advjava.wilsonma.AccountDaoDB getUSAddressById
INFO: FOUND US ADDRESS, POPULATING DETAILS
Feb 20, 2025 2:50:49 PM edu.uw.advjava.wilsonma.AccountDaoDB retrieveAccount
INFO: FOUND A VALID BANK, GETTING BANK DETAILS
Feb 20, 2025 2:50:49 PM edu.uw.advjava.wilsonma.AccountDaoDB getBankAccountId
INFO: Getting the bank id
Feb 20, 2025 2:50:49 PM edu.uw.advjava.wilsonma.AccountDaoDB getBankAccountId
INFO: SEARCHING DB FOR BANK INFORMATION
Feb 20, 2025 2:50:49 PM edu.uw.advjava.wilsonma.AccountDaoDB getBankAccountId
INFO: FOUND BANK INFORMATION
Feb 20, 2025 2:50:49 PM edu.uw.advjava.wilsonma.AccountDaoDB getPostalAddressId
INFO: Getting the postal address id
Feb 20, 2025 2:50:49 PM edu.uw.advjava.wilsonma.AccountDaoDB getPostalAddressId
INFO: SEARCHING DB FOR ADDRESS INFORMATION
Feb 20, 2025 2:50:49 PM edu.uw.advjava.wilsonma.AccountDaoDB deleteAccount
INFO: Deleting account pepper_potts
Feb 20, 2025 2:50:49 PM edu.uw.advjava.wilsonma.AccountDaoDB retrieveAccount
INFO: Getting account with the name pepper_potts
Feb 20, 2025 2:50:49 PM edu.uw.advjava.wilsonma.AccountDaoDB retrieveAccount
INFO: FOUND A VALID POSTAL ADDRESS, GETTING ADDRESS DETAILS
Feb 20, 2025 2:50:49 PM edu.uw.advjava.wilsonma.AccountDaoDB getUSAddressById
INFO: FOUND US ADDRESS, POPULATING DETAILS
Feb 20, 2025 2:50:49 PM edu.uw.advjava.wilsonma.AccountDaoDB retrieveAccount
INFO: FOUND A VALID BANK, GETTING BANK DETAILS
Feb 20, 2025 2:50:49 PM edu.uw.advjava.wilsonma.AccountDaoDB getBankAccountId
INFO: Getting the bank id
Feb 20, 2025 2:50:49 PM edu.uw.advjava.wilsonma.AccountDaoDB getBankAccountId
INFO: SEARCHING DB FOR BANK INFORMATION
Feb 20, 2025 2:50:49 PM edu.uw.advjava.wilsonma.AccountDaoDB getBankAccountId
INFO: FOUND BANK INFORMATION
Feb 20, 2025 2:50:49 PM edu.uw.advjava.wilsonma.AccountDaoDB getPostalAddressId
INFO: Getting the postal address id
Feb 20, 2025 2:50:49 PM edu.uw.advjava.wilsonma.AccountDaoDB getPostalAddressId
INFO: SEARCHING DB FOR ADDRESS INFORMATION
Feb 20, 2025 2:50:49 PM edu.uw.advjava.wilsonma.AccountDaoDB deleteAccount
INFO: Deleting account rachaelnex
Feb 20, 2025 2:50:49 PM edu.uw.advjava.wilsonma.AccountDaoDB retrieveAccount
INFO: Getting account with the name rachaelnex
Feb 20, 2025 2:50:49 PM edu.uw.advjava.wilsonma.AccountDaoDB retrieveAccount
INFO: FOUND A VALID POSTAL ADDRESS, GETTING ADDRESS DETAILS
Feb 20, 2025 2:50:49 PM edu.uw.advjava.wilsonma.AccountDaoDB retrieveAccount
INFO: FOUND A VALID BANK, GETTING BANK DETAILS
Feb 20, 2025 2:50:49 PM edu.uw.advjava.wilsonma.AccountDaoDB getBankAccountId
INFO: Getting the bank id
Feb 20, 2025 2:50:49 PM edu.uw.advjava.wilsonma.AccountDaoDB getBankAccountId
INFO: BANK IS NULL, RETURNING: -1
Feb 20, 2025 2:50:49 PM edu.uw.advjava.wilsonma.AccountDaoDB getPostalAddressId
INFO: Getting the postal address id
Feb 20, 2025 2:50:49 PM edu.uw.advjava.wilsonma.AccountDaoDB getPostalAddressId
INFO: ADDRESS IS NULL, RETURNING: -1
Feb 20, 2025 2:50:49 PM edu.uw.advjava.wilsonma.AccountDaoDB deleteAccount
INFO: Deleting account aabernathy
Feb 20, 2025 2:50:49 PM edu.uw.advjava.wilsonma.AccountDaoDB retrieveAccount
INFO: Getting account with the name aabernathy
Feb 20, 2025 2:50:49 PM edu.uw.advjava.wilsonma.AccountDaoDB retrieveAccount
INFO: FOUND A VALID POSTAL ADDRESS, GETTING ADDRESS DETAILS
Feb 20, 2025 2:50:49 PM edu.uw.advjava.wilsonma.AccountDaoDB getUSAddressById
INFO: FOUND US ADDRESS, POPULATING DETAILS
Feb 20, 2025 2:50:49 PM edu.uw.advjava.wilsonma.AccountDaoDB retrieveAccount
INFO: FOUND A VALID BANK, GETTING BANK DETAILS
Feb 20, 2025 2:50:49 PM edu.uw.advjava.wilsonma.AccountDaoDB getBankAccountId
INFO: Getting the bank id
Feb 20, 2025 2:50:49 PM edu.uw.advjava.wilsonma.AccountDaoDB getBankAccountId
INFO: SEARCHING DB FOR BANK INFORMATION
Feb 20, 2025 2:50:49 PM edu.uw.advjava.wilsonma.AccountDaoDB getBankAccountId
INFO: FOUND BANK INFORMATION
Feb 20, 2025 2:50:49 PM edu.uw.advjava.wilsonma.AccountDaoDB getPostalAddressId
INFO: Getting the postal address id
Feb 20, 2025 2:50:49 PM edu.uw.advjava.wilsonma.AccountDaoDB getPostalAddressId
INFO: SEARCHING DB FOR ADDRESS INFORMATION
Feb 20, 2025 2:50:49 PM edu.uw.advjava.wilsonma.AccountDaoDB createAccount
INFO: Creating an account for Thomas Anderson
Feb 20, 2025 2:50:49 PM edu.uw.advjava.wilsonma.AccountDaoDB getPostalAddressId
INFO: Getting the postal address id
Feb 20, 2025 2:50:49 PM edu.uw.advjava.wilsonma.AccountDaoDB getPostalAddressId
INFO: SEARCHING DB FOR ADDRESS INFORMATION
Feb 20, 2025 2:50:49 PM edu.uw.advjava.wilsonma.AccountDaoDB getPostalAddressId
INFO: COULD NOT FIND ADDRESS IN DB
Feb 20, 2025 2:50:49 PM edu.uw.advjava.wilsonma.AccountDaoDB addAddress
INFO: ADDING NEW ADDRESS TO DB
Feb 20, 2025 2:50:49 PM edu.uw.advjava.wilsonma.AccountDaoDB getBankAccountId
INFO: Getting the bank id
Feb 20, 2025 2:50:49 PM edu.uw.advjava.wilsonma.AccountDaoDB getBankAccountId
INFO: SEARCHING DB FOR BANK INFORMATION
Feb 20, 2025 2:50:49 PM edu.uw.advjava.wilsonma.AccountDaoDB getBankAccountId
INFO: COULD NOT FIND BANK IN DB
Feb 20, 2025 2:50:49 PM edu.uw.advjava.wilsonma.AccountDaoDB addBankAccount
INFO: ADDING NEW BANK TO DB
Feb 20, 2025 2:50:49 PM edu.uw.advjava.wilsonma.AccountDaoDB bankInstitutionExists
INFO: Checking to see if the bank institution exists
Feb 20, 2025 2:50:49 PM edu.uw.advjava.wilsonma.AccountDaoDB addBankAccount
INFO: ADDED THE BANK
Feb 20, 2025 2:50:49 PM edu.uw.advjava.wilsonma.AccountDaoDB createAccount
INFO: Created the account.
Feb 20, 2025 2:50:49 PM edu.uw.advjava.wilsonma.AccountDaoDB createAccount
INFO: Creating an account for Alice Abernathy
Feb 20, 2025 2:50:49 PM edu.uw.advjava.wilsonma.AccountDaoDB getPostalAddressId
INFO: Getting the postal address id
Feb 20, 2025 2:50:50 PM edu.uw.advjava.wilsonma.AccountDaoDB getPostalAddressId
INFO: SEARCHING DB FOR ADDRESS INFORMATION
Feb 20, 2025 2:50:50 PM edu.uw.advjava.wilsonma.AccountDaoDB getPostalAddressId
INFO: COULD NOT FIND ADDRESS IN DB
Feb 20, 2025 2:50:50 PM edu.uw.advjava.wilsonma.AccountDaoDB addAddress
INFO: ADDING NEW ADDRESS TO DB
Feb 20, 2025 2:50:50 PM edu.uw.advjava.wilsonma.AccountDaoDB getBankAccountId
INFO: Getting the bank id
Feb 20, 2025 2:50:50 PM edu.uw.advjava.wilsonma.AccountDaoDB getBankAccountId
INFO: SEARCHING DB FOR BANK INFORMATION
Feb 20, 2025 2:50:50 PM edu.uw.advjava.wilsonma.AccountDaoDB getBankAccountId
INFO: COULD NOT FIND BANK IN DB
Feb 20, 2025 2:50:50 PM edu.uw.advjava.wilsonma.AccountDaoDB addBankAccount
INFO: ADDING NEW BANK TO DB
Feb 20, 2025 2:50:50 PM edu.uw.advjava.wilsonma.AccountDaoDB bankInstitutionExists
INFO: Checking to see if the bank institution exists
Feb 20, 2025 2:50:50 PM edu.uw.advjava.wilsonma.AccountDaoDB addBankAccount
INFO: ADDED THE BANK
Feb 20, 2025 2:50:50 PM edu.uw.advjava.wilsonma.AccountDaoDB createAccount
INFO: Created the account.
Feb 20, 2025 2:50:50 PM edu.uw.advjava.wilsonma.AccountDaoDB createAccount
INFO: Creating an account for Pepper Potts
Feb 20, 2025 2:50:50 PM edu.uw.advjava.wilsonma.AccountDaoDB getPostalAddressId
INFO: Getting the postal address id
Feb 20, 2025 2:50:50 PM edu.uw.advjava.wilsonma.AccountDaoDB getPostalAddressId
INFO: SEARCHING DB FOR ADDRESS INFORMATION
Feb 20, 2025 2:50:50 PM edu.uw.advjava.wilsonma.AccountDaoDB getPostalAddressId
INFO: COULD NOT FIND ADDRESS IN DB
Feb 20, 2025 2:50:50 PM edu.uw.advjava.wilsonma.AccountDaoDB addAddress
INFO: ADDING NEW ADDRESS TO DB
Feb 20, 2025 2:50:50 PM edu.uw.advjava.wilsonma.AccountDaoDB getBankAccountId
INFO: Getting the bank id
Feb 20, 2025 2:50:50 PM edu.uw.advjava.wilsonma.AccountDaoDB getBankAccountId
INFO: SEARCHING DB FOR BANK INFORMATION
Feb 20, 2025 2:50:50 PM edu.uw.advjava.wilsonma.AccountDaoDB getBankAccountId
INFO: COULD NOT FIND BANK IN DB
Feb 20, 2025 2:50:50 PM edu.uw.advjava.wilsonma.AccountDaoDB addBankAccount
INFO: ADDING NEW BANK TO DB
Feb 20, 2025 2:50:50 PM edu.uw.advjava.wilsonma.AccountDaoDB bankInstitutionExists
INFO: Checking to see if the bank institution exists
Feb 20, 2025 2:50:50 PM edu.uw.advjava.wilsonma.AccountDaoDB addBankAccount
INFO: ADDED THE BANK
Feb 20, 2025 2:50:50 PM edu.uw.advjava.wilsonma.AccountDaoDB createAccount
INFO: Created the account.
Feb 20, 2025 2:50:50 PM edu.uw.advjava.wilsonma.AccountDaoDB createAccount
INFO: Creating an account for Rachael
Feb 20, 2025 2:50:50 PM edu.uw.advjava.wilsonma.AccountDaoDB getPostalAddressId
INFO: Getting the postal address id
Feb 20, 2025 2:50:50 PM edu.uw.advjava.wilsonma.AccountDaoDB getPostalAddressId
INFO: ADDRESS IS NULL, RETURNING: -1
Feb 20, 2025 2:50:50 PM edu.uw.advjava.wilsonma.AccountDaoDB getBankAccountId
INFO: Getting the bank id
Feb 20, 2025 2:50:50 PM edu.uw.advjava.wilsonma.AccountDaoDB getBankAccountId
INFO: BANK IS NULL, RETURNING: -1
Feb 20, 2025 2:50:50 PM edu.uw.advjava.wilsonma.AccountDaoDB createAccount
INFO: Created the account.
Feb 20, 2025 2:50:50 PM edu.uw.advjava.wilsonma.AccountDaoDB retrieveAccount
INFO: Getting account with the name neotheone
Feb 20, 2025 2:50:50 PM edu.uw.advjava.wilsonma.AccountDaoDB retrieveAccount
INFO: FOUND A VALID POSTAL ADDRESS, GETTING ADDRESS DETAILS
Feb 20, 2025 2:50:50 PM edu.uw.advjava.wilsonma.AccountDaoDB getUSAddressById
INFO: FOUND US ADDRESS, POPULATING DETAILS
Feb 20, 2025 2:50:50 PM edu.uw.advjava.wilsonma.AccountDaoDB retrieveAccount
INFO: FOUND A VALID BANK, GETTING BANK DETAILS
Feb 20, 2025 2:50:50 PM edu.uw.advjava.wilsonma.AccountDaoDB retrieveAccount
INFO: Getting account with the name aabernathy
Feb 20, 2025 2:50:50 PM edu.uw.advjava.wilsonma.AccountDaoDB retrieveAccount
INFO: FOUND A VALID POSTAL ADDRESS, GETTING ADDRESS DETAILS
Feb 20, 2025 2:50:50 PM edu.uw.advjava.wilsonma.AccountDaoDB getUSAddressById
INFO: FOUND US ADDRESS, POPULATING DETAILS
Feb 20, 2025 2:50:50 PM edu.uw.advjava.wilsonma.AccountDaoDB retrieveAccount
INFO: FOUND A VALID BANK, GETTING BANK DETAILS
Feb 20, 2025 2:50:50 PM edu.uw.advjava.wilsonma.AccountDaoDB retrieveAccount
INFO: Getting account with the name pepper_potts
Feb 20, 2025 2:50:50 PM edu.uw.advjava.wilsonma.AccountDaoDB retrieveAccount
INFO: FOUND A VALID POSTAL ADDRESS, GETTING ADDRESS DETAILS
Feb 20, 2025 2:50:50 PM edu.uw.advjava.wilsonma.AccountDaoDB getUSAddressById
INFO: FOUND US ADDRESS, POPULATING DETAILS
Feb 20, 2025 2:50:50 PM edu.uw.advjava.wilsonma.AccountDaoDB retrieveAccount
INFO: FOUND A VALID BANK, GETTING BANK DETAILS
Feb 20, 2025 2:50:50 PM edu.uw.advjava.wilsonma.AccountDaoDB retrieveAccount
INFO: Getting account with the name rachaelnex
Feb 20, 2025 2:50:50 PM edu.uw.advjava.wilsonma.AccountDaoDB retrieveAccount
INFO: FOUND A VALID POSTAL ADDRESS, GETTING ADDRESS DETAILS
Feb 20, 2025 2:50:50 PM edu.uw.advjava.wilsonma.AccountDaoDB retrieveAccount
INFO: FOUND A VALID BANK, GETTING BANK DETAILS
Feb 20, 2025 2:50:50 PM edu.uw.advjava.wilsonma.AccountDaoDB updateAccount
INFO: Updating the account for neotheone
Feb 20, 2025 2:50:50 PM edu.uw.advjava.wilsonma.AccountDaoDB getPostalAddressId
INFO: Getting the postal address id
Feb 20, 2025 2:50:50 PM edu.uw.advjava.wilsonma.AccountDaoDB getPostalAddressId
INFO: ADDRESS IS NULL, RETURNING: -1
Feb 20, 2025 2:50:50 PM edu.uw.advjava.wilsonma.AccountDaoDB getBankAccountId
INFO: Getting the bank id
Feb 20, 2025 2:50:50 PM edu.uw.advjava.wilsonma.AccountDaoDB getBankAccountId
INFO: SEARCHING DB FOR BANK INFORMATION
Feb 20, 2025 2:50:50 PM edu.uw.advjava.wilsonma.AccountDaoDB getBankAccountId
INFO: FOUND BANK INFORMATION
Feb 20, 2025 2:50:50 PM edu.uw.advjava.wilsonma.AccountDaoDB updateAccount
INFO: Updated the account.
Feb 20, 2025 2:50:50 PM edu.uw.advjava.wilsonma.AccountDaoDB retrieveAccount
INFO: Getting account with the name neotheone
Feb 20, 2025 2:50:50 PM edu.uw.advjava.wilsonma.AccountDaoDB retrieveAccount
INFO: FOUND A VALID POSTAL ADDRESS, GETTING ADDRESS DETAILS
Feb 20, 2025 2:50:50 PM edu.uw.advjava.wilsonma.AccountDaoDB retrieveAccount
INFO: FOUND A VALID BANK, GETTING BANK DETAILS
Feb 20, 2025 2:50:50 PM edu.uw.advjava.wilsonma.AccountDaoDB updateAccount
INFO: Updating the account for neotheone
Feb 20, 2025 2:50:50 PM edu.uw.advjava.wilsonma.AccountDaoDB getPostalAddressId
INFO: Getting the postal address id
Feb 20, 2025 2:50:50 PM edu.uw.advjava.wilsonma.AccountDaoDB getPostalAddressId
INFO: ADDRESS IS NULL, RETURNING: -1
Feb 20, 2025 2:50:50 PM edu.uw.advjava.wilsonma.AccountDaoDB getBankAccountId
INFO: Getting the bank id
Feb 20, 2025 2:50:50 PM edu.uw.advjava.wilsonma.AccountDaoDB getBankAccountId
INFO: BANK IS NULL, RETURNING: -1
Feb 20, 2025 2:50:50 PM edu.uw.advjava.wilsonma.AccountDaoDB updateAccount
INFO: Updated the account.
Feb 20, 2025 2:50:50 PM edu.uw.advjava.wilsonma.AccountDaoDB retrieveAccount
INFO: Getting account with the name neotheone
Feb 20, 2025 2:50:50 PM edu.uw.advjava.wilsonma.AccountDaoDB retrieveAccount
INFO: FOUND A VALID POSTAL ADDRESS, GETTING ADDRESS DETAILS
Feb 20, 2025 2:50:50 PM edu.uw.advjava.wilsonma.AccountDaoDB retrieveAccount
INFO: FOUND A VALID BANK, GETTING BANK DETAILS
Feb 20, 2025 2:50:50 PM edu.uw.advjava.wilsonma.AccountDaoDB createAccount
INFO: Creating an account for Rachael
Feb 20, 2025 2:50:50 PM edu.uw.advjava.wilsonma.AccountDaoDB getPostalAddressId
INFO: Getting the postal address id
Feb 20, 2025 2:50:50 PM edu.uw.advjava.wilsonma.AccountDaoDB getPostalAddressId
INFO: ADDRESS IS NULL, RETURNING: -1
Feb 20, 2025 2:50:50 PM edu.uw.advjava.wilsonma.AccountDaoDB getBankAccountId
INFO: Getting the bank id
Feb 20, 2025 2:50:50 PM edu.uw.advjava.wilsonma.AccountDaoDB getBankAccountId
INFO: BANK IS NULL, RETURNING: -1
Feb 20, 2025 2:50:50 PM edu.uw.advjava.wilsonma.AccountDaoDB createAccount
SEVERE: Could not create an account: The statement was aborted because it would have caused a duplicate key value in a unique or primary key constraint or unique index identified by 'ACCOUNT_UNIQUE' defined on 'ACCOUNT'.
Feb 20, 2025 2:50:50 PM edu.uw.advjava.wilsonma.AccountDaoDB deleteAccount
INFO: Deleting account rachaelnex
Feb 20, 2025 2:50:50 PM edu.uw.advjava.wilsonma.AccountDaoDB retrieveAccount
INFO: Getting account with the name rachaelnex
Feb 20, 2025 2:50:50 PM edu.uw.advjava.wilsonma.AccountDaoDB retrieveAccount
INFO: FOUND A VALID POSTAL ADDRESS, GETTING ADDRESS DETAILS
Feb 20, 2025 2:50:50 PM edu.uw.advjava.wilsonma.AccountDaoDB retrieveAccount
INFO: FOUND A VALID BANK, GETTING BANK DETAILS
Feb 20, 2025 2:50:50 PM edu.uw.advjava.wilsonma.AccountDaoDB getBankAccountId
INFO: Getting the bank id
Feb 20, 2025 2:50:50 PM edu.uw.advjava.wilsonma.AccountDaoDB getBankAccountId
INFO: BANK IS NULL, RETURNING: -1
Feb 20, 2025 2:50:50 PM edu.uw.advjava.wilsonma.AccountDaoDB getPostalAddressId
INFO: Getting the postal address id
Feb 20, 2025 2:50:50 PM edu.uw.advjava.wilsonma.AccountDaoDB getPostalAddressId
INFO: ADDRESS IS NULL, RETURNING: -1
Feb 20, 2025 2:50:50 PM edu.uw.advjava.wilsonma.AccountDaoDB updateAccount
INFO: Updating the account for rachaelnex
Feb 20, 2025 2:50:50 PM edu.uw.advjava.wilsonma.AccountDaoDB getPostalAddressId
INFO: Getting the postal address id
Feb 20, 2025 2:50:50 PM edu.uw.advjava.wilsonma.AccountDaoDB getPostalAddressId
INFO: ADDRESS IS NULL, RETURNING: -1
Feb 20, 2025 2:50:50 PM edu.uw.advjava.wilsonma.AccountDaoDB getBankAccountId
INFO: Getting the bank id
Feb 20, 2025 2:50:50 PM edu.uw.advjava.wilsonma.AccountDaoDB getBankAccountId
INFO: BANK IS NULL, RETURNING: -1
Feb 20, 2025 2:50:50 PM edu.uw.advjava.wilsonma.AccountDaoDB updateAccount
INFO: Updated the account.
Feb 20, 2025 2:50:50 PM edu.uw.advjava.wilsonma.AccountDaoDB close
INFO: Closing the account dao.
Feb 20, 2025 2:50:50 PM edu.uw.advjava.wilsonma.AccountDaoDB close
INFO: Closing the account dao.
]]></system-err>
  </testcase>
  <testcase name="testDelete" classname="edu.uw.pce.advjava.support.account.AccountDaoTest" time="0.108">
    <system-err><![CDATA[Feb 20, 2025 2:50:50 PM edu.uw.advjava.wilsonma.AccountDaoDB accounts
INFO: Getting all account names.
Feb 20, 2025 2:50:50 PM edu.uw.advjava.wilsonma.AccountDaoDB accounts
INFO: Returning accounts:[neotheone, pepper_potts, aabernathy]
Feb 20, 2025 2:50:50 PM edu.uw.advjava.wilsonma.AccountDaoDB deleteAccount
INFO: Deleting account neotheone
Feb 20, 2025 2:50:50 PM edu.uw.advjava.wilsonma.AccountDaoDB retrieveAccount
INFO: Getting account with the name neotheone
Feb 20, 2025 2:50:50 PM edu.uw.advjava.wilsonma.AccountDaoDB retrieveAccount
INFO: FOUND A VALID POSTAL ADDRESS, GETTING ADDRESS DETAILS
Feb 20, 2025 2:50:50 PM edu.uw.advjava.wilsonma.AccountDaoDB retrieveAccount
INFO: FOUND A VALID BANK, GETTING BANK DETAILS
Feb 20, 2025 2:50:50 PM edu.uw.advjava.wilsonma.AccountDaoDB getBankAccountId
INFO: Getting the bank id
Feb 20, 2025 2:50:50 PM edu.uw.advjava.wilsonma.AccountDaoDB getBankAccountId
INFO: BANK IS NULL, RETURNING: -1
Feb 20, 2025 2:50:50 PM edu.uw.advjava.wilsonma.AccountDaoDB getPostalAddressId
INFO: Getting the postal address id
Feb 20, 2025 2:50:50 PM edu.uw.advjava.wilsonma.AccountDaoDB getPostalAddressId
INFO: ADDRESS IS NULL, RETURNING: -1
Feb 20, 2025 2:50:50 PM edu.uw.advjava.wilsonma.AccountDaoDB deleteAccount
INFO: Deleting account pepper_potts
Feb 20, 2025 2:50:50 PM edu.uw.advjava.wilsonma.AccountDaoDB retrieveAccount
INFO: Getting account with the name pepper_potts
Feb 20, 2025 2:50:50 PM edu.uw.advjava.wilsonma.AccountDaoDB retrieveAccount
INFO: FOUND A VALID POSTAL ADDRESS, GETTING ADDRESS DETAILS
Feb 20, 2025 2:50:50 PM edu.uw.advjava.wilsonma.AccountDaoDB getUSAddressById
INFO: FOUND US ADDRESS, POPULATING DETAILS
Feb 20, 2025 2:50:50 PM edu.uw.advjava.wilsonma.AccountDaoDB retrieveAccount
INFO: FOUND A VALID BANK, GETTING BANK DETAILS
Feb 20, 2025 2:50:50 PM edu.uw.advjava.wilsonma.AccountDaoDB getBankAccountId
INFO: Getting the bank id
Feb 20, 2025 2:50:50 PM edu.uw.advjava.wilsonma.AccountDaoDB getBankAccountId
INFO: SEARCHING DB FOR BANK INFORMATION
Feb 20, 2025 2:50:50 PM edu.uw.advjava.wilsonma.AccountDaoDB getBankAccountId
INFO: FOUND BANK INFORMATION
Feb 20, 2025 2:50:50 PM edu.uw.advjava.wilsonma.AccountDaoDB getPostalAddressId
INFO: Getting the postal address id
Feb 20, 2025 2:50:50 PM edu.uw.advjava.wilsonma.AccountDaoDB getPostalAddressId
INFO: SEARCHING DB FOR ADDRESS INFORMATION
Feb 20, 2025 2:50:50 PM edu.uw.advjava.wilsonma.AccountDaoDB deleteAccount
INFO: Deleting account aabernathy
Feb 20, 2025 2:50:50 PM edu.uw.advjava.wilsonma.AccountDaoDB retrieveAccount
INFO: Getting account with the name aabernathy
Feb 20, 2025 2:50:50 PM edu.uw.advjava.wilsonma.AccountDaoDB retrieveAccount
INFO: FOUND A VALID POSTAL ADDRESS, GETTING ADDRESS DETAILS
Feb 20, 2025 2:50:50 PM edu.uw.advjava.wilsonma.AccountDaoDB getUSAddressById
INFO: FOUND US ADDRESS, POPULATING DETAILS
Feb 20, 2025 2:50:50 PM edu.uw.advjava.wilsonma.AccountDaoDB retrieveAccount
INFO: FOUND A VALID BANK, GETTING BANK DETAILS
Feb 20, 2025 2:50:50 PM edu.uw.advjava.wilsonma.AccountDaoDB getBankAccountId
INFO: Getting the bank id
Feb 20, 2025 2:50:50 PM edu.uw.advjava.wilsonma.AccountDaoDB getBankAccountId
INFO: SEARCHING DB FOR BANK INFORMATION
Feb 20, 2025 2:50:50 PM edu.uw.advjava.wilsonma.AccountDaoDB getBankAccountId
INFO: FOUND BANK INFORMATION
Feb 20, 2025 2:50:50 PM edu.uw.advjava.wilsonma.AccountDaoDB getPostalAddressId
INFO: Getting the postal address id
Feb 20, 2025 2:50:50 PM edu.uw.advjava.wilsonma.AccountDaoDB getPostalAddressId
INFO: SEARCHING DB FOR ADDRESS INFORMATION
Feb 20, 2025 2:50:50 PM edu.uw.advjava.wilsonma.AccountDaoDB createAccount
INFO: Creating an account for Thomas Anderson
Feb 20, 2025 2:50:50 PM edu.uw.advjava.wilsonma.AccountDaoDB getPostalAddressId
INFO: Getting the postal address id
Feb 20, 2025 2:50:50 PM edu.uw.advjava.wilsonma.AccountDaoDB getPostalAddressId
INFO: SEARCHING DB FOR ADDRESS INFORMATION
Feb 20, 2025 2:50:50 PM edu.uw.advjava.wilsonma.AccountDaoDB getBankAccountId
INFO: Getting the bank id
Feb 20, 2025 2:50:50 PM edu.uw.advjava.wilsonma.AccountDaoDB getBankAccountId
INFO: SEARCHING DB FOR BANK INFORMATION
Feb 20, 2025 2:50:50 PM edu.uw.advjava.wilsonma.AccountDaoDB getBankAccountId
INFO: FOUND BANK INFORMATION
Feb 20, 2025 2:50:50 PM edu.uw.advjava.wilsonma.AccountDaoDB createAccount
INFO: Created the account.
Feb 20, 2025 2:50:50 PM edu.uw.advjava.wilsonma.AccountDaoDB createAccount
INFO: Creating an account for Alice Abernathy
Feb 20, 2025 2:50:50 PM edu.uw.advjava.wilsonma.AccountDaoDB getPostalAddressId
INFO: Getting the postal address id
Feb 20, 2025 2:50:50 PM edu.uw.advjava.wilsonma.AccountDaoDB getPostalAddressId
INFO: SEARCHING DB FOR ADDRESS INFORMATION
Feb 20, 2025 2:50:50 PM edu.uw.advjava.wilsonma.AccountDaoDB getPostalAddressId
INFO: COULD NOT FIND ADDRESS IN DB
Feb 20, 2025 2:50:50 PM edu.uw.advjava.wilsonma.AccountDaoDB addAddress
INFO: ADDING NEW ADDRESS TO DB
Feb 20, 2025 2:50:50 PM edu.uw.advjava.wilsonma.AccountDaoDB getBankAccountId
INFO: Getting the bank id
Feb 20, 2025 2:50:50 PM edu.uw.advjava.wilsonma.AccountDaoDB getBankAccountId
INFO: SEARCHING DB FOR BANK INFORMATION
Feb 20, 2025 2:50:50 PM edu.uw.advjava.wilsonma.AccountDaoDB getBankAccountId
INFO: COULD NOT FIND BANK IN DB
Feb 20, 2025 2:50:50 PM edu.uw.advjava.wilsonma.AccountDaoDB addBankAccount
INFO: ADDING NEW BANK TO DB
Feb 20, 2025 2:50:50 PM edu.uw.advjava.wilsonma.AccountDaoDB bankInstitutionExists
INFO: Checking to see if the bank institution exists
Feb 20, 2025 2:50:50 PM edu.uw.advjava.wilsonma.AccountDaoDB addBankAccount
INFO: ADDED THE BANK
Feb 20, 2025 2:50:50 PM edu.uw.advjava.wilsonma.AccountDaoDB createAccount
INFO: Created the account.
Feb 20, 2025 2:50:50 PM edu.uw.advjava.wilsonma.AccountDaoDB createAccount
INFO: Creating an account for Pepper Potts
Feb 20, 2025 2:50:50 PM edu.uw.advjava.wilsonma.AccountDaoDB getPostalAddressId
INFO: Getting the postal address id
Feb 20, 2025 2:50:50 PM edu.uw.advjava.wilsonma.AccountDaoDB getPostalAddressId
INFO: SEARCHING DB FOR ADDRESS INFORMATION
Feb 20, 2025 2:50:50 PM edu.uw.advjava.wilsonma.AccountDaoDB getPostalAddressId
INFO: COULD NOT FIND ADDRESS IN DB
Feb 20, 2025 2:50:50 PM edu.uw.advjava.wilsonma.AccountDaoDB addAddress
INFO: ADDING NEW ADDRESS TO DB
Feb 20, 2025 2:50:50 PM edu.uw.advjava.wilsonma.AccountDaoDB getBankAccountId
INFO: Getting the bank id
Feb 20, 2025 2:50:50 PM edu.uw.advjava.wilsonma.AccountDaoDB getBankAccountId
INFO: SEARCHING DB FOR BANK INFORMATION
Feb 20, 2025 2:50:50 PM edu.uw.advjava.wilsonma.AccountDaoDB getBankAccountId
INFO: COULD NOT FIND BANK IN DB
Feb 20, 2025 2:50:50 PM edu.uw.advjava.wilsonma.AccountDaoDB addBankAccount
INFO: ADDING NEW BANK TO DB
Feb 20, 2025 2:50:50 PM edu.uw.advjava.wilsonma.AccountDaoDB bankInstitutionExists
INFO: Checking to see if the bank institution exists
Feb 20, 2025 2:50:50 PM edu.uw.advjava.wilsonma.AccountDaoDB addBankAccount
INFO: ADDED THE BANK
Feb 20, 2025 2:50:50 PM edu.uw.advjava.wilsonma.AccountDaoDB createAccount
INFO: Created the account.
Feb 20, 2025 2:50:50 PM edu.uw.advjava.wilsonma.AccountDaoDB createAccount
INFO: Creating an account for Rachael
Feb 20, 2025 2:50:50 PM edu.uw.advjava.wilsonma.AccountDaoDB getPostalAddressId
INFO: Getting the postal address id
Feb 20, 2025 2:50:50 PM edu.uw.advjava.wilsonma.AccountDaoDB getPostalAddressId
INFO: ADDRESS IS NULL, RETURNING: -1
Feb 20, 2025 2:50:50 PM edu.uw.advjava.wilsonma.AccountDaoDB getBankAccountId
INFO: Getting the bank id
Feb 20, 2025 2:50:50 PM edu.uw.advjava.wilsonma.AccountDaoDB getBankAccountId
INFO: BANK IS NULL, RETURNING: -1
Feb 20, 2025 2:50:50 PM edu.uw.advjava.wilsonma.AccountDaoDB createAccount
INFO: Created the account.
Feb 20, 2025 2:50:50 PM edu.uw.advjava.wilsonma.AccountDaoDB retrieveAccount
INFO: Getting account with the name aabernathy
Feb 20, 2025 2:50:50 PM edu.uw.advjava.wilsonma.AccountDaoDB retrieveAccount
INFO: FOUND A VALID POSTAL ADDRESS, GETTING ADDRESS DETAILS
Feb 20, 2025 2:50:50 PM edu.uw.advjava.wilsonma.AccountDaoDB getUSAddressById
INFO: FOUND US ADDRESS, POPULATING DETAILS
Feb 20, 2025 2:50:50 PM edu.uw.advjava.wilsonma.AccountDaoDB retrieveAccount
INFO: FOUND A VALID BANK, GETTING BANK DETAILS
Feb 20, 2025 2:50:50 PM edu.uw.advjava.wilsonma.AccountDaoDB deleteAccount
INFO: Deleting account aabernathy
Feb 20, 2025 2:50:50 PM edu.uw.advjava.wilsonma.AccountDaoDB retrieveAccount
INFO: Getting account with the name aabernathy
Feb 20, 2025 2:50:50 PM edu.uw.advjava.wilsonma.AccountDaoDB retrieveAccount
INFO: FOUND A VALID POSTAL ADDRESS, GETTING ADDRESS DETAILS
Feb 20, 2025 2:50:50 PM edu.uw.advjava.wilsonma.AccountDaoDB getUSAddressById
INFO: FOUND US ADDRESS, POPULATING DETAILS
Feb 20, 2025 2:50:50 PM edu.uw.advjava.wilsonma.AccountDaoDB retrieveAccount
INFO: FOUND A VALID BANK, GETTING BANK DETAILS
Feb 20, 2025 2:50:50 PM edu.uw.advjava.wilsonma.AccountDaoDB getBankAccountId
INFO: Getting the bank id
Feb 20, 2025 2:50:50 PM edu.uw.advjava.wilsonma.AccountDaoDB getBankAccountId
INFO: SEARCHING DB FOR BANK INFORMATION
Feb 20, 2025 2:50:50 PM edu.uw.advjava.wilsonma.AccountDaoDB getBankAccountId
INFO: FOUND BANK INFORMATION
Feb 20, 2025 2:50:50 PM edu.uw.advjava.wilsonma.AccountDaoDB getPostalAddressId
INFO: Getting the postal address id
Feb 20, 2025 2:50:50 PM edu.uw.advjava.wilsonma.AccountDaoDB getPostalAddressId
INFO: SEARCHING DB FOR ADDRESS INFORMATION
Feb 20, 2025 2:50:50 PM edu.uw.advjava.wilsonma.AccountDaoDB retrieveAccount
INFO: Getting account with the name aabernathy
Feb 20, 2025 2:50:50 PM edu.uw.advjava.wilsonma.AccountDaoDB close
INFO: Closing the account dao.
Feb 20, 2025 2:50:50 PM edu.uw.advjava.wilsonma.AccountDaoDB close
INFO: Closing the account dao.
]]></system-err>
  </testcase>
  <testcase name="testReload" classname="edu.uw.pce.advjava.support.account.AccountDaoTest" time="0.105">
    <system-err><![CDATA[Feb 20, 2025 2:50:50 PM edu.uw.advjava.wilsonma.AccountDaoDB accounts
INFO: Getting all account names.
Feb 20, 2025 2:50:50 PM edu.uw.advjava.wilsonma.AccountDaoDB accounts
INFO: Returning accounts:[neotheone, pepper_potts, rachaelnex]
Feb 20, 2025 2:50:50 PM edu.uw.advjava.wilsonma.AccountDaoDB deleteAccount
INFO: Deleting account neotheone
Feb 20, 2025 2:50:50 PM edu.uw.advjava.wilsonma.AccountDaoDB retrieveAccount
INFO: Getting account with the name neotheone
Feb 20, 2025 2:50:50 PM edu.uw.advjava.wilsonma.AccountDaoDB retrieveAccount
INFO: FOUND A VALID POSTAL ADDRESS, GETTING ADDRESS DETAILS
Feb 20, 2025 2:50:50 PM edu.uw.advjava.wilsonma.AccountDaoDB getUSAddressById
INFO: FOUND US ADDRESS, POPULATING DETAILS
Feb 20, 2025 2:50:50 PM edu.uw.advjava.wilsonma.AccountDaoDB retrieveAccount
INFO: FOUND A VALID BANK, GETTING BANK DETAILS
Feb 20, 2025 2:50:50 PM edu.uw.advjava.wilsonma.AccountDaoDB getBankAccountId
INFO: Getting the bank id
Feb 20, 2025 2:50:50 PM edu.uw.advjava.wilsonma.AccountDaoDB getBankAccountId
INFO: SEARCHING DB FOR BANK INFORMATION
Feb 20, 2025 2:50:50 PM edu.uw.advjava.wilsonma.AccountDaoDB getBankAccountId
INFO: FOUND BANK INFORMATION
Feb 20, 2025 2:50:50 PM edu.uw.advjava.wilsonma.AccountDaoDB getPostalAddressId
INFO: Getting the postal address id
Feb 20, 2025 2:50:50 PM edu.uw.advjava.wilsonma.AccountDaoDB getPostalAddressId
INFO: SEARCHING DB FOR ADDRESS INFORMATION
Feb 20, 2025 2:50:50 PM edu.uw.advjava.wilsonma.AccountDaoDB deleteAccount
INFO: Deleting account pepper_potts
Feb 20, 2025 2:50:50 PM edu.uw.advjava.wilsonma.AccountDaoDB retrieveAccount
INFO: Getting account with the name pepper_potts
Feb 20, 2025 2:50:50 PM edu.uw.advjava.wilsonma.AccountDaoDB retrieveAccount
INFO: FOUND A VALID POSTAL ADDRESS, GETTING ADDRESS DETAILS
Feb 20, 2025 2:50:50 PM edu.uw.advjava.wilsonma.AccountDaoDB getUSAddressById
INFO: FOUND US ADDRESS, POPULATING DETAILS
Feb 20, 2025 2:50:50 PM edu.uw.advjava.wilsonma.AccountDaoDB retrieveAccount
INFO: FOUND A VALID BANK, GETTING BANK DETAILS
Feb 20, 2025 2:50:50 PM edu.uw.advjava.wilsonma.AccountDaoDB getBankAccountId
INFO: Getting the bank id
Feb 20, 2025 2:50:50 PM edu.uw.advjava.wilsonma.AccountDaoDB getBankAccountId
INFO: SEARCHING DB FOR BANK INFORMATION
Feb 20, 2025 2:50:50 PM edu.uw.advjava.wilsonma.AccountDaoDB getBankAccountId
INFO: FOUND BANK INFORMATION
Feb 20, 2025 2:50:50 PM edu.uw.advjava.wilsonma.AccountDaoDB getPostalAddressId
INFO: Getting the postal address id
Feb 20, 2025 2:50:50 PM edu.uw.advjava.wilsonma.AccountDaoDB getPostalAddressId
INFO: SEARCHING DB FOR ADDRESS INFORMATION
Feb 20, 2025 2:50:50 PM edu.uw.advjava.wilsonma.AccountDaoDB deleteAccount
INFO: Deleting account rachaelnex
Feb 20, 2025 2:50:50 PM edu.uw.advjava.wilsonma.AccountDaoDB retrieveAccount
INFO: Getting account with the name rachaelnex
Feb 20, 2025 2:50:50 PM edu.uw.advjava.wilsonma.AccountDaoDB retrieveAccount
INFO: FOUND A VALID POSTAL ADDRESS, GETTING ADDRESS DETAILS
Feb 20, 2025 2:50:50 PM edu.uw.advjava.wilsonma.AccountDaoDB retrieveAccount
INFO: FOUND A VALID BANK, GETTING BANK DETAILS
Feb 20, 2025 2:50:50 PM edu.uw.advjava.wilsonma.AccountDaoDB getBankAccountId
INFO: Getting the bank id
Feb 20, 2025 2:50:50 PM edu.uw.advjava.wilsonma.AccountDaoDB getBankAccountId
INFO: BANK IS NULL, RETURNING: -1
Feb 20, 2025 2:50:50 PM edu.uw.advjava.wilsonma.AccountDaoDB getPostalAddressId
INFO: Getting the postal address id
Feb 20, 2025 2:50:50 PM edu.uw.advjava.wilsonma.AccountDaoDB getPostalAddressId
INFO: ADDRESS IS NULL, RETURNING: -1
Feb 20, 2025 2:50:50 PM edu.uw.advjava.wilsonma.AccountDaoDB createAccount
INFO: Creating an account for Thomas Anderson
Feb 20, 2025 2:50:50 PM edu.uw.advjava.wilsonma.AccountDaoDB getPostalAddressId
INFO: Getting the postal address id
Feb 20, 2025 2:50:50 PM edu.uw.advjava.wilsonma.AccountDaoDB getPostalAddressId
INFO: SEARCHING DB FOR ADDRESS INFORMATION
Feb 20, 2025 2:50:50 PM edu.uw.advjava.wilsonma.AccountDaoDB getPostalAddressId
INFO: COULD NOT FIND ADDRESS IN DB
Feb 20, 2025 2:50:50 PM edu.uw.advjava.wilsonma.AccountDaoDB addAddress
INFO: ADDING NEW ADDRESS TO DB
Feb 20, 2025 2:50:50 PM edu.uw.advjava.wilsonma.AccountDaoDB getBankAccountId
INFO: Getting the bank id
Feb 20, 2025 2:50:50 PM edu.uw.advjava.wilsonma.AccountDaoDB getBankAccountId
INFO: SEARCHING DB FOR BANK INFORMATION
Feb 20, 2025 2:50:50 PM edu.uw.advjava.wilsonma.AccountDaoDB getBankAccountId
INFO: COULD NOT FIND BANK IN DB
Feb 20, 2025 2:50:50 PM edu.uw.advjava.wilsonma.AccountDaoDB addBankAccount
INFO: ADDING NEW BANK TO DB
Feb 20, 2025 2:50:50 PM edu.uw.advjava.wilsonma.AccountDaoDB bankInstitutionExists
INFO: Checking to see if the bank institution exists
Feb 20, 2025 2:50:50 PM edu.uw.advjava.wilsonma.AccountDaoDB addBankAccount
INFO: ADDED THE BANK
Feb 20, 2025 2:50:50 PM edu.uw.advjava.wilsonma.AccountDaoDB createAccount
INFO: Created the account.
Feb 20, 2025 2:50:50 PM edu.uw.advjava.wilsonma.AccountDaoDB createAccount
INFO: Creating an account for Alice Abernathy
Feb 20, 2025 2:50:50 PM edu.uw.advjava.wilsonma.AccountDaoDB getPostalAddressId
INFO: Getting the postal address id
Feb 20, 2025 2:50:50 PM edu.uw.advjava.wilsonma.AccountDaoDB getPostalAddressId
INFO: SEARCHING DB FOR ADDRESS INFORMATION
Feb 20, 2025 2:50:50 PM edu.uw.advjava.wilsonma.AccountDaoDB getPostalAddressId
INFO: COULD NOT FIND ADDRESS IN DB
Feb 20, 2025 2:50:50 PM edu.uw.advjava.wilsonma.AccountDaoDB addAddress
INFO: ADDING NEW ADDRESS TO DB
Feb 20, 2025 2:50:50 PM edu.uw.advjava.wilsonma.AccountDaoDB getBankAccountId
INFO: Getting the bank id
Feb 20, 2025 2:50:50 PM edu.uw.advjava.wilsonma.AccountDaoDB getBankAccountId
INFO: SEARCHING DB FOR BANK INFORMATION
Feb 20, 2025 2:50:50 PM edu.uw.advjava.wilsonma.AccountDaoDB getBankAccountId
INFO: COULD NOT FIND BANK IN DB
Feb 20, 2025 2:50:50 PM edu.uw.advjava.wilsonma.AccountDaoDB addBankAccount
INFO: ADDING NEW BANK TO DB
Feb 20, 2025 2:50:50 PM edu.uw.advjava.wilsonma.AccountDaoDB bankInstitutionExists
INFO: Checking to see if the bank institution exists
Feb 20, 2025 2:50:50 PM edu.uw.advjava.wilsonma.AccountDaoDB addBankAccount
INFO: ADDED THE BANK
Feb 20, 2025 2:50:50 PM edu.uw.advjava.wilsonma.AccountDaoDB createAccount
INFO: Created the account.
Feb 20, 2025 2:50:50 PM edu.uw.advjava.wilsonma.AccountDaoDB createAccount
INFO: Creating an account for Pepper Potts
Feb 20, 2025 2:50:50 PM edu.uw.advjava.wilsonma.AccountDaoDB getPostalAddressId
INFO: Getting the postal address id
Feb 20, 2025 2:50:50 PM edu.uw.advjava.wilsonma.AccountDaoDB getPostalAddressId
INFO: SEARCHING DB FOR ADDRESS INFORMATION
Feb 20, 2025 2:50:50 PM edu.uw.advjava.wilsonma.AccountDaoDB getPostalAddressId
INFO: COULD NOT FIND ADDRESS IN DB
Feb 20, 2025 2:50:50 PM edu.uw.advjava.wilsonma.AccountDaoDB addAddress
INFO: ADDING NEW ADDRESS TO DB
Feb 20, 2025 2:50:50 PM edu.uw.advjava.wilsonma.AccountDaoDB getBankAccountId
INFO: Getting the bank id
Feb 20, 2025 2:50:50 PM edu.uw.advjava.wilsonma.AccountDaoDB getBankAccountId
INFO: SEARCHING DB FOR BANK INFORMATION
Feb 20, 2025 2:50:50 PM edu.uw.advjava.wilsonma.AccountDaoDB getBankAccountId
INFO: COULD NOT FIND BANK IN DB
Feb 20, 2025 2:50:50 PM edu.uw.advjava.wilsonma.AccountDaoDB addBankAccount
INFO: ADDING NEW BANK TO DB
Feb 20, 2025 2:50:50 PM edu.uw.advjava.wilsonma.AccountDaoDB bankInstitutionExists
INFO: Checking to see if the bank institution exists
Feb 20, 2025 2:50:50 PM edu.uw.advjava.wilsonma.AccountDaoDB addBankAccount
INFO: ADDED THE BANK
Feb 20, 2025 2:50:50 PM edu.uw.advjava.wilsonma.AccountDaoDB createAccount
INFO: Created the account.
Feb 20, 2025 2:50:50 PM edu.uw.advjava.wilsonma.AccountDaoDB createAccount
INFO: Creating an account for Rachael
Feb 20, 2025 2:50:50 PM edu.uw.advjava.wilsonma.AccountDaoDB getPostalAddressId
INFO: Getting the postal address id
Feb 20, 2025 2:50:50 PM edu.uw.advjava.wilsonma.AccountDaoDB getPostalAddressId
INFO: ADDRESS IS NULL, RETURNING: -1
Feb 20, 2025 2:50:50 PM edu.uw.advjava.wilsonma.AccountDaoDB getBankAccountId
INFO: Getting the bank id
Feb 20, 2025 2:50:50 PM edu.uw.advjava.wilsonma.AccountDaoDB getBankAccountId
INFO: BANK IS NULL, RETURNING: -1
Feb 20, 2025 2:50:50 PM edu.uw.advjava.wilsonma.AccountDaoDB createAccount
INFO: Created the account.
Feb 20, 2025 2:50:50 PM edu.uw.advjava.wilsonma.AccountDaoDB retrieveAccount
INFO: Getting account with the name neotheone
Feb 20, 2025 2:50:50 PM edu.uw.advjava.wilsonma.AccountDaoDB retrieveAccount
INFO: FOUND A VALID POSTAL ADDRESS, GETTING ADDRESS DETAILS
Feb 20, 2025 2:50:50 PM edu.uw.advjava.wilsonma.AccountDaoDB getUSAddressById
INFO: FOUND US ADDRESS, POPULATING DETAILS
Feb 20, 2025 2:50:50 PM edu.uw.advjava.wilsonma.AccountDaoDB retrieveAccount
INFO: FOUND A VALID BANK, GETTING BANK DETAILS
Feb 20, 2025 2:50:50 PM edu.uw.advjava.wilsonma.AccountDaoDB retrieveAccount
INFO: Getting account with the name aabernathy
Feb 20, 2025 2:50:50 PM edu.uw.advjava.wilsonma.AccountDaoDB retrieveAccount
INFO: FOUND A VALID POSTAL ADDRESS, GETTING ADDRESS DETAILS
Feb 20, 2025 2:50:50 PM edu.uw.advjava.wilsonma.AccountDaoDB getUSAddressById
INFO: FOUND US ADDRESS, POPULATING DETAILS
Feb 20, 2025 2:50:50 PM edu.uw.advjava.wilsonma.AccountDaoDB retrieveAccount
INFO: FOUND A VALID BANK, GETTING BANK DETAILS
Feb 20, 2025 2:50:50 PM edu.uw.advjava.wilsonma.AccountDaoDB retrieveAccount
INFO: Getting account with the name pepper_potts
Feb 20, 2025 2:50:50 PM edu.uw.advjava.wilsonma.AccountDaoDB retrieveAccount
INFO: FOUND A VALID POSTAL ADDRESS, GETTING ADDRESS DETAILS
Feb 20, 2025 2:50:50 PM edu.uw.advjava.wilsonma.AccountDaoDB getUSAddressById
INFO: FOUND US ADDRESS, POPULATING DETAILS
Feb 20, 2025 2:50:50 PM edu.uw.advjava.wilsonma.AccountDaoDB retrieveAccount
INFO: FOUND A VALID BANK, GETTING BANK DETAILS
Feb 20, 2025 2:50:50 PM edu.uw.advjava.wilsonma.AccountDaoDB retrieveAccount
INFO: Getting account with the name rachaelnex
Feb 20, 2025 2:50:50 PM edu.uw.advjava.wilsonma.AccountDaoDB retrieveAccount
INFO: FOUND A VALID POSTAL ADDRESS, GETTING ADDRESS DETAILS
Feb 20, 2025 2:50:50 PM edu.uw.advjava.wilsonma.AccountDaoDB retrieveAccount
INFO: FOUND A VALID BANK, GETTING BANK DETAILS
Feb 20, 2025 2:50:50 PM edu.uw.advjava.wilsonma.AccountDaoDB close
INFO: Closing the account dao.
Feb 20, 2025 2:50:50 PM edu.uw.advjava.wilsonma.AccountDaoDB close
INFO: Closing the account dao.
]]></system-err>
  </testcase>
</testsuite>